1_alloc_disk.conf 2
1_bio_max_vecs.conf 2
1_blk_mq.conf 2
1_deamonize.conf 2
1_discard_zeros.conf 2
1_kallsyms_on_each_symbol.conf 2
1_module_put_and_exit.conf 2
1_queue_bounce.conf 2
1_reread_partitions.conf 3
1_set_submit_bio.conf 2
1_append_bio.conf 1
1_bio_err.conf 1
1_bio_flags.conf 1
1_bio_gendisk.conf 1
1_bio_iter.conf 1
1_bio_split.conf 1
1_dentry.conf 1
1_biovec.conf 1
1_hlist.conf 1
1_blk_status.conf 1
1_blk_end_req.conf 1
1_inode.conf 1
1_module_mutex.conf 1
1_err_no_to_blk_sts.conf 1
1_global_page_state.conf 1
1_make_request.conf 1
1_queue_chunk_sectors.conf 1
1_queue_flag_set.conf 1
1_timekeeping.conf 1
1_submit_bio.conf 1
1_vfs_ioctl.conf 1
1_wtlh.conf 1
2_bio_barrier.conf 1
2_queue_write.conf 1
1_bio_discard.conf 2
1_bd_part_count.conf 2
1_bdev_nr_sectors.conf 2
1_bio_dev.conf 2
1_bdev_lookup.conf 2
1_bdev_whole.conf 2
1_blk_queue_exit_workaround_for_rhel.conf 2
1_mq_flags.conf 2
1_queue_limits.conf 2
1_vmalloc.conf 2
1_queue_lock.conf 2
2_bio_cmpl.conf 2
2_generic_acct.conf 2
1_bd_first_part.conf 3
1_bio_clone.conf 3
1_flush_flag.conf 3
1_munmap.conf 3
